<?xml version="1.0" encoding="utf-8"?><testsuites name="pytest tests"><testsuite name="pytest" errors="0" failures="0" skipped="0" tests="32" time="93.982" timestamp="2026-07-17T17:26:23.051326+00:00" hostname="agent-env-4617bb76-c48c-4c60-b6d4-c6be66d56dfa"><testcase classname="tests.test_phase2.TestStudents" name="test_list_pagination" time="5.756" /><testcase classname="tests.test_phase2.TestCourses" name="test_list_courses_seeded" time="5.797" /><testcase classname="tests.test_phase2.TestCourses" name="test_add_course_tst101" time="8.738" /><testcase classname="tests.test_phase2.TestStudents" name="test_pagination_page2" time="7.782" /><testcase classname="tests.test_phase2.TestStudents" name="test_search_by_name" time="4.519" /><testcase classname="tests.test_phase2.TestCourses" name="test_edit_course_preserves_code" time="10.466" /><testcase classname="tests.test_phase2.TestStudents" name="test_search_by_department" time="7.912" /><testcase classname="tests.test_phase2.TestCourses" name="test_delete_course_with_enrollments_blocked" time="6.637" /><testcase classname="tests.test_phase2.TestStudents" name="test_search_empty_restores_all" time="5.737" /><testcase classname="tests.test_phase2.TestCourses" name="test_delete_tst101_no_enrollments" time="6.427" /><testcase classname="tests.test_phase2.TestStudents" name="test_add_student_form_renders" time="6.316" /><testcase classname="tests.test_phase2.TestStudents" name="test_add_student_validation_errors" time="4.208" /><testcase classname="tests.test_phase2.TestCourses" name="test_course_validation" time="4.113" /><testcase classname="tests.test_phase2.TestProfile" name="test_profile_page" time="5.436" /><testcase classname="tests.test_phase2.TestStudents" name="test_add_student_valid_creates_stu011" time="8.452" /><testcase classname="tests.test_phase2.TestProfile" name="test_profile_update_name_persists" time="10.297" /><testcase classname="tests.test_phase2.TestStudents" name="test_edit_student_prefill_and_update" time="11.682" /><testcase classname="tests.test_phase2.TestProfile" name="test_change_password_flow" time="13.086" /><testcase classname="tests.test_phase2.TestStudents" name="test_delete_student_stu011_created_earlier" time="6.491" /><testcase classname="tests.test_phase2.TestStudents" name="test_delete_missing_student_404" time="3.411" /><testcase classname="tests.test_phase2.TestNav" name="test_logged_out_nav" time="0.296" /><testcase classname="tests.test_phase2.TestHealth" name="test_api_health" time="1.806" /><testcase classname="tests.test_phase2.TestNav" name="test_admin_nav" time="3.906" /><testcase classname="tests.test_phase2.TestHealth" name="test_landing_page" time="0.163" /><testcase classname="tests.test_phase2.TestNav" name="test_regular_user_nav_no_admin" time="7.810" /><testcase classname="tests.test_phase2.TestAdmin" name="test_admin_dashboard_ok" time="6.604" /><testcase classname="tests.test_phase2.TestAdmin" name="test_non_admin_cannot_access" time="7.350" /><testcase classname="tests.test_phase2.TestAuth" name="test_admin_login" time="3.221" /><testcase classname="tests.test_phase2.TestAuth" name="test_dashboard_requires_auth" time="0.983" /><testcase classname="tests.test_phase2.TestSessionIsolation" name="test_logout_blocks_protected_routes" time="4.892" /><testcase classname="tests.test_phase2.TestErrorPages" name="test_404_page" time="0.974" /><testcase classname="tests.test_phase2.TestDashboardActivity" name="test_activity_feed_from_atlas" time="4.273" /></testsuite></testsuites>